<?xml version="1.0" encoding="UTF-8"?>
<testng-results skipped="0" failed="0" total="1" passed="1">
  <reporter-output>
  </reporter-output>
  <suite name="Suite" duration-ms="21461" started-at="2020-01-16T05:41:12Z" finished-at="2020-01-16T05:41:33Z">
    <groups>
    </groups>
    <test name="Test" duration-ms="21461" started-at="2020-01-16T05:41:12Z" finished-at="2020-01-16T05:41:33Z">
      <class name="com.third.MtFirstTest">
        <test-method status="PASS" signature="beforeTest()[pri:0, instance:com.third.MtFirstTest@6d78f375]" name="beforeTest" is-config="true" duration-ms="5675" started-at="2020-01-16T11:11:12Z" finished-at="2020-01-16T11:11:18Z">
          <reporter-output>
          </reporter-output>
        </test-method> <!-- beforeTest -->
        <test-method status="PASS" signature="setUp()[pri:0, instance:com.third.MtFirstTest@6d78f375]" name="setUp" duration-ms="5347" started-at="2020-01-16T11:11:18Z" finished-at="2020-01-16T11:11:23Z">
          <reporter-output>
          </reporter-output>
        </test-method> <!-- setUp -->
        <test-method status="PASS" signature="afterTest()[pri:0, instance:com.third.MtFirstTest@6d78f375]" name="afterTest" is-config="true" duration-ms="10409" started-at="2020-01-16T11:11:23Z" finished-at="2020-01-16T11:11:33Z">
          <reporter-output>
          </reporter-output>
        </test-method> <!-- afterTest -->
      </class> <!-- com.third.MtFirstTest -->
    </test> <!-- Test -->
  </suite> <!-- Suite -->
</testng-results>
